<?xml version="1.0" encoding="UTF-8"?>
<testng-results ignored="0" total="2" passed="2" failed="0" skipped="0">
  <reporter-output>
  </reporter-output>
  <suite started-at="2023-10-17T10:02:59 IST" name="Default suite" finished-at="2023-10-17T10:03:56 IST" duration-ms="57299">
    <groups>
    </groups>
    <test started-at="2023-10-17T10:02:59 IST" name="Default test" finished-at="2023-10-17T10:03:56 IST" duration-ms="57299">
      <class name="stepdefination.Stepdefination">
        <test-method is-config="true" signature="startup()[pri:0, instance:stepdefination.Stepdefination@3f191845]" started-at="2023-10-17T10:02:59 IST" name="startup" finished-at="2023-10-17T10:03:09 IST" duration-ms="10530" status="PASS">
          <reporter-output>
          </reporter-output>
        </test-method> <!-- startup -->
        <test-method signature="page()[pri:0, instance:stepdefination.Stepdefination@3f191845]" started-at="2023-10-17T10:03:09 IST" name="page" finished-at="2023-10-17T10:03:31 IST" duration-ms="22240" status="PASS">
          <reporter-output>
          </reporter-output>
        </test-method> <!-- page -->
        <test-method signature="check()[pri:1, instance:stepdefination.Stepdefination@3f191845]" started-at="2023-10-17T10:03:31 IST" name="check" finished-at="2023-10-17T10:03:56 IST" duration-ms="24446" status="PASS">
          <reporter-output>
          </reporter-output>
        </test-method> <!-- check -->
      </class> <!-- stepdefination.Stepdefination -->
    </test> <!-- Default test -->
  </suite> <!-- Default suite -->
</testng-results>
